2022-07-18 15:57:06.801  INFO 9066 --- [main] com.crud.elastic.demo.DemoApplication    : Starting DemoApplication using Java 1.8.0_311 on Emmanuels-MBP with PID 9066 (/Users/emmanuelzakaryan/Projects/crud-elastic/demo/target/classes started by emmanuelzakaryan in /Users/emmanuelzakaryan/Projects/crud-elastic)
2022-07-18 15:57:06.817  INFO 9066 --- [main] com.crud.elastic.demo.DemoApplication    : No active profile set, falling back to 1 default profile: "default"
2022-07-18 15:57:07.820  INFO 9066 --- [main] .s.d.r.c.RepositoryConfigurationDelegate : Multiple Spring Data modules found, entering strict repository configuration mode
2022-07-18 15:57:07.821  INFO 9066 --- [main] .s.d.r.c.RepositoryConfigurationDelegate : Bootstrapping Spring Data JPA repositories in DEFAULT mode.
2022-07-18 15:57:07.938  INFO 9066 --- [main] .s.d.r.c.RepositoryConfigurationDelegate : Finished Spring Data repository scanning in 92 ms. Found 1 JPA repository interfaces.
2022-07-18 15:57:07.939  INFO 9066 --- [main] .s.d.r.c.RepositoryConfigurationDelegate : Multiple Spring Data modules found, entering strict repository configuration mode
2022-07-18 15:57:07.939  INFO 9066 --- [main] .s.d.r.c.RepositoryConfigurationDelegate : Bootstrapping Spring Data Elasticsearch repositories in DEFAULT mode.
2022-07-18 15:57:07.946  INFO 9066 --- [main] .s.d.r.c.RepositoryConfigurationDelegate : Finished Spring Data repository scanning in 6 ms. Found 1 Elasticsearch repository interfaces.
2022-07-18 15:57:08.307  INFO 9066 --- [main] .s.d.r.c.RepositoryConfigurationDelegate : Multiple Spring Data modules found, entering strict repository configuration mode
2022-07-18 15:57:08.309  INFO 9066 --- [main] .s.d.r.c.RepositoryConfigurationDelegate : Bootstrapping Spring Data Reactive Elasticsearch repositories in DEFAULT mode.
2022-07-18 15:57:08.332  INFO 9066 --- [main] .s.d.r.c.RepositoryConfigurationDelegate : Finished Spring Data repository scanning in 23 ms. Found 0 Reactive Elasticsearch repository interfaces.
2022-07-18 15:57:09.426  INFO 9066 --- [main] o.s.b.w.embedded.tomcat.TomcatWebServer  : Tomcat initialized with port(s): 8080 (http)
2022-07-18 15:57:09.437  INFO 9066 --- [main] o.apache.catalina.core.StandardService   : Starting service [Tomcat]
2022-07-18 15:57:09.438  INFO 9066 --- [main] org.apache.catalina.core.StandardEngine  : Starting Servlet engine: [Apache Tomcat/9.0.64]
2022-07-18 15:57:09.758  INFO 9066 --- [main] o.a.c.c.C.[Tomcat].[localhost].[/]       : Initializing Spring embedded WebApplicationContext
2022-07-18 15:57:09.760  INFO 9066 --- [main] w.s.c.ServletWebServerApplicationContext : Root WebApplicationContext: initialization completed in 2797 ms
2022-07-18 15:57:10.266  INFO 9066 --- [main] o.hibernate.jpa.internal.util.LogHelper  : HHH000204: Processing PersistenceUnitInfo [name: default]
2022-07-18 15:57:10.376  INFO 9066 --- [main] org.hibernate.Version                    : HHH000412: Hibernate ORM core version 5.6.9.Final
2022-07-18 15:57:10.570  INFO 9066 --- [main] o.hibernate.annotations.common.Version   : HCANN000001: Hibernate Commons Annotations {5.1.2.Final}
2022-07-18 15:57:10.706  INFO 9066 --- [main] com.zaxxer.hikari.HikariDataSource       : HikariPool-1 - Starting...
2022-07-18 15:57:10.856  INFO 9066 --- [main] com.zaxxer.hikari.HikariDataSource       : HikariPool-1 - Start completed.
2022-07-18 15:57:10.873  INFO 9066 --- [main] org.hibernate.dialect.Dialect            : HHH000400: Using dialect: org.hibernate.dialect.PostgreSQLDialect
2022-07-18 15:57:11.663  INFO 9066 --- [main] o.h.e.t.j.p.i.JtaPlatformInitiator       : HHH000490: Using JtaPlatform implementation: [org.hibernate.engine.transaction.jta.platform.internal.NoJtaPlatform]
2022-07-18 15:57:11.675  INFO 9066 --- [main] j.LocalContainerEntityManagerFactoryBean : Initialized JPA EntityManagerFactory for persistence unit 'default'
2022-07-18 15:57:13.542  WARN 9066 --- [main] JpaBaseConfiguration$JpaWebConfiguration : spring.jpa.open-in-view is enabled by default. Therefore, database queries may be performed during view rendering. Explicitly configure spring.jpa.open-in-view to disable this warning
2022-07-18 15:57:14.415  INFO 9066 --- [main] o.s.b.w.embedded.tomcat.TomcatWebServer  : Tomcat started on port(s): 8080 (http) with context path ''
2022-07-18 15:57:14.435  INFO 9066 --- [main] com.crud.elastic.demo.DemoApplication    : Started DemoApplication in 8.62 seconds (JVM running for 9.527)
2022-07-18 15:57:14.577  INFO 9066 --- [http-nio-8080-exec-2] o.a.c.c.C.[Tomcat].[localhost].[/]       : Initializing Spring DispatcherServlet 'dispatcherServlet'
2022-07-18 15:57:14.577  INFO 9066 --- [http-nio-8080-exec-2] o.s.web.servlet.DispatcherServlet        : Initializing Servlet 'dispatcherServlet'
2022-07-18 15:57:14.580  INFO 9066 --- [http-nio-8080-exec-2] o.s.web.servlet.DispatcherServlet        : Completed initialization in 2 ms
2022-07-18 15:57:14.643  INFO 9066 --- [http-nio-8080-exec-2] c.c.e.demo.controllers.BookController    : find all called
2022-07-18 15:57:15.254  WARN 9066 --- [http-nio-8080-exec-3] .w.s.m.s.DefaultHandlerExceptionResolver : Resolved [org.springframework.web.method.annotation.MethodArgumentTypeMismatchException: Failed to convert value of type 'java.lang.String' to required type 'java.lang.Long'; nested exception is java.lang.NumberFormatException: For input string: "favicon.ico"]
2022-07-18 15:57:17.373  INFO 9066 --- [http-nio-8080-exec-1] c.c.e.demo.controllers.BookController    : find all called
2022-07-18 15:57:17.588  WARN 9066 --- [http-nio-8080-exec-4] .w.s.m.s.DefaultHandlerExceptionResolver : Resolved [org.springframework.web.method.annotation.MethodArgumentTypeMismatchException: Failed to convert value of type 'java.lang.String' to required type 'java.lang.Long'; nested exception is java.lang.NumberFormatException: For input string: "favicon.ico"]
2022-07-18 15:57:17.741  INFO 9066 --- [http-nio-8080-exec-5] c.c.e.demo.controllers.BookController    : find all called
2022-07-18 15:57:17.872  WARN 9066 --- [http-nio-8080-exec-6] .w.s.m.s.DefaultHandlerExceptionResolver : Resolved [org.springframework.web.method.annotation.MethodArgumentTypeMismatchException: Failed to convert value of type 'java.lang.String' to required type 'java.lang.Long'; nested exception is java.lang.NumberFormatException: For input string: "favicon.ico"]
2022-07-18 15:57:20.959  INFO 9066 --- [SpringApplicationShutdownHook] j.LocalContainerEntityManagerFactoryBean : Closing JPA EntityManagerFactory for persistence unit 'default'
2022-07-18 15:57:20.969  INFO 9066 --- [SpringApplicationShutdownHook] com.zaxxer.hikari.HikariDataSource       : HikariPool-1 - Shutdown initiated...
2022-07-18 15:57:21.008  INFO 9066 --- [SpringApplicationShutdownHook] com.zaxxer.hikari.HikariDataSource       : HikariPool-1 - Shutdown completed.
